<?xml version="1.0" encoding="UTF-8"?>
<!-- Generated by org.testng.reporters.JUnitReportReporter -->
<testsuite hostname="DESKTOP-LGIR7FS" failures="0" tests="2" name="sqa001.practice.TestNGEg" time="0.012" errors="0" timestamp="2023-02-21T18:52:29 BDT" skipped="0">
  <testcase classname="sqa001.practice.TestNGEg" name="test2" time="0.009"/>
  <system-out/>
  <testcase classname="sqa001.practice.TestNGEg" name="test1" time="0.003"/>
  <system-out/>
</testsuite> <!-- sqa001.practice.TestNGEg -->
