<?xml version="1.0" encoding="UTF-8"?>
<!-- Generated by org.testng.reporters.JUnitReportReporter -->
<testsuite hostname="DESKTOP-LGIR7FS" failures="0" tests="1" name="sqa001.practice.AlertEg" time="27.604" errors="0" timestamp="2023-03-08T13:01:33 BDT" skipped="0">
  <testcase classname="sqa001.practice.AlertEg" name="alertTest" time="27.604"/>
  <system-out/>
</testsuite> <!-- sqa001.practice.AlertEg -->
