<?xml version="1.0" encoding="UTF-8"?>
<!-- Generated by org.testng.reporters.JUnitReportReporter -->
<testsuite hostname="DESKTOP-LGIR7FS" failures="0" tests="1" name="sqa001.practice.Facebook" time="8.124" errors="0" timestamp="2023-03-10T23:13:05 BDT" skipped="0">
  <testcase classname="sqa001.practice.Facebook" name="newTest" time="8.124"/>
  <system-out/>
</testsuite> <!-- sqa001.practice.Facebook -->
