<?xml version="1.0" encoding="UTF-8"?>
<!-- Generated by org.testng.reporters.JUnitReportReporter -->
<testsuite hostname="DESKTOP-LGIR7FS" failures="0" tests="1" name="sqa001.practice.DarazHover" time="31.921" errors="0" timestamp="2023-03-08T12:27:55 BDT" skipped="0">
  <testcase classname="sqa001.practice.DarazHover" name="assretioneg" time="31.921"/>
  <system-out/>
</testsuite> <!-- sqa001.practice.DarazHover -->
